[20:45:00] [ServerMain/INFO]: Environment: authHost='https://authserver.mojang.com', accountsHost='https://api.mojang.com', sessionHost='https://sessionserver.mojang.com', servicesHost='https://api.minecraftservices.com', name='PROD'
[20:45:01] [ServerMain/INFO]: Loaded 7 recipes
[20:45:01] [ServerMain/INFO]: Loaded 1271 advancements
[20:45:02] [Server thread/INFO]: Starting minecraft server version 1.20.1
[20:45:02] [Server thread/INFO]: Loading properties
[20:45:02] [Server thread/INFO]: Default game type: SURVIVAL
[20:45:02] [Server thread/INFO]: Generating keypair
[20:45:02] [Server thread/INFO]: Starting Minecraft server on *:25565
[20:45:02] [Server thread/INFO]: Using epoll channel type
[20:45:02] [Server thread/WARN]: **** SERVER IS RUNNING IN OFFLINE/INSECURE MODE!
[20:45:02] [Server thread/WARN]: The server will make no attempt to authenticate usernames. Beware.
[20:45:02] [Server thread/WARN]: While this makes the game possible to play without internet access, it also opens up the ability for hackers to connect with any username they choose.
[20:45:02] [Server thread/WARN]: To change this, set "online-mode" to "true" in the server.properties file.
[20:45:02] [Server thread/INFO]: Preparing level "world"
[20:45:09] [Server thread/INFO]: Preparing start region for dimension minecraft:overworld
[20:45:10] [Worker-Main-3/INFO]: Preparing spawn area: 0%
[20:45:10] [Worker-Main-3/INFO]: Preparing spawn area: 0%
[20:45:10] [Worker-Main-1/INFO]: Preparing spawn area: 0%
[20:45:11] [Worker-Main-2/INFO]: Preparing spawn area: 0%
[20:45:11] [Worker-Main-1/INFO]: Preparing spawn area: 0%
[20:45:12] [Worker-Main-3/INFO]: Preparing spawn area: 0%
[20:45:12] [Worker-Main-1/INFO]: Preparing spawn area: 0%
[20:45:13] [Worker-Main-2/INFO]: Preparing spawn area: 1%
[20:45:13] [Worker-Main-1/INFO]: Preparing spawn area: 1%
[20:45:14] [Worker-Main-3/INFO]: Preparing spawn area: 2%
[20:45:14] [Worker-Main-1/INFO]: Preparing spawn area: 2%
[20:45:15] [Worker-Main-3/INFO]: Preparing spawn area: 3%
[20:45:15] [Worker-Main-3/INFO]: Preparing spawn area: 4%
[20:45:16] [Worker-Main-1/INFO]: Preparing spawn area: 5%
[20:45:16] [Worker-Main-2/INFO]: Preparing spawn area: 5%
[20:45:17] [Worker-Main-3/INFO]: Preparing spawn area: 7%
[20:45:17] [Worker-Main-3/INFO]: Preparing spawn area: 8%
[20:45:18] [Worker-Main-3/INFO]: Preparing spawn area: 9%
[20:45:18] [Worker-Main-2/INFO]: Preparing spawn area: 10%
[20:45:19] [Worker-Main-1/INFO]: Preparing spawn area: 11%
[20:45:19] [Worker-Main-2/INFO]: Preparing spawn area: 13%
[20:45:20] [Worker-Main-2/INFO]: Preparing spawn area: 14%
[20:45:20] [Worker-Main-1/INFO]: Preparing spawn area: 15%
[20:45:21] [Worker-Main-2/INFO]: Preparing spawn area: 17%
[20:45:21] [Worker-Main-1/INFO]: Preparing spawn area: 18%
[20:45:22] [Worker-Main-2/INFO]: Preparing spawn area: 20%
[20:45:22] [Worker-Main-2/INFO]: Preparing spawn area: 22%
[20:45:23] [Worker-Main-2/INFO]: Preparing spawn area: 23%
[20:45:23] [Worker-Main-1/INFO]: Preparing spawn area: 24%
[20:45:24] [Worker-Main-2/INFO]: Preparing spawn area: 26%
[20:45:24] [Worker-Main-1/INFO]: Preparing spawn area: 27%
[20:45:25] [Worker-Main-1/INFO]: Preparing spawn area: 30%
[20:45:25] [Worker-Main-1/INFO]: Preparing spawn area: 31%
[20:45:26] [Worker-Main-1/INFO]: Preparing spawn area: 33%
[20:45:26] [Worker-Main-1/INFO]: Preparing spawn area: 34%
[20:45:27] [Worker-Main-1/INFO]: Preparing spawn area: 37%
[20:45:27] [Worker-Main-3/INFO]: Preparing spawn area: 39%
[20:45:28] [Worker-Main-3/INFO]: Preparing spawn area: 41%
[20:45:28] [Worker-Main-1/INFO]: Preparing spawn area: 42%
[20:45:29] [Worker-Main-3/INFO]: Preparing spawn area: 44%
[20:45:29] [Worker-Main-2/INFO]: Preparing spawn area: 46%
[20:45:30] [Worker-Main-3/INFO]: Preparing spawn area: 48%
[20:45:30] [Worker-Main-1/INFO]: Preparing spawn area: 51%
[20:45:31] [Worker-Main-2/INFO]: Preparing spawn area: 53%
[20:45:31] [Worker-Main-1/INFO]: Preparing spawn area: 54%
[20:45:33] [Worker-Main-2/INFO]: Preparing spawn area: 54%
[20:45:33] [Worker-Main-1/INFO]: Preparing spawn area: 54%
[20:45:33] [Worker-Main-1/INFO]: Preparing spawn area: 55%
[20:45:33] [Worker-Main-1/INFO]: Preparing spawn area: 57%
[20:45:34] [Worker-Main-2/INFO]: Preparing spawn area: 60%
[20:45:34] [Worker-Main-1/INFO]: Preparing spawn area: 63%
[20:45:35] [Worker-Main-1/INFO]: Preparing spawn area: 65%
[20:45:35] [Worker-Main-3/INFO]: Preparing spawn area: 68%
[20:45:36] [Worker-Main-2/INFO]: Preparing spawn area: 69%
[20:45:36] [Worker-Main-2/INFO]: Preparing spawn area: 71%
[20:45:37] [Worker-Main-1/INFO]: Preparing spawn area: 74%
[20:45:37] [Worker-Main-1/INFO]: Preparing spawn area: 77%
[20:45:38] [Worker-Main-2/INFO]: Preparing spawn area: 80%
[20:45:38] [Worker-Main-3/INFO]: Preparing spawn area: 83%
[20:45:39] [Worker-Main-3/INFO]: Preparing spawn area: 84%
[20:45:39] [Worker-Main-1/INFO]: Preparing spawn area: 86%
[20:45:40] [Worker-Main-1/INFO]: Preparing spawn area: 88%
[20:45:40] [Worker-Main-3/INFO]: Preparing spawn area: 91%
[20:45:41] [Worker-Main-1/INFO]: Preparing spawn area: 94%
[20:45:41] [Worker-Main-3/INFO]: Preparing spawn area: 97%
[20:45:42] [Server thread/INFO]: Time elapsed: 32265 ms
[20:45:42] [Server thread/INFO]: Done (39.129s)! For help, type "help"
[20:46:01] [Server thread/INFO]: Sutle_World[/127.44.33.160:51673] logged in with entity id 349 at (-4.5, 118.0, -9.5)
[20:46:01] [Server thread/INFO]: Sutle_World joined the game
[20:46:15] [Server thread/INFO]: Sutle_World fell from a high place
[20:46:24] [Server thread/INFO]: Sutle_World fell from a high place
[20:46:46] [Server thread/WARN]: Sutle_World moved wrongly!
[20:46:58] [Server thread/WARN]: Sutle_World moved wrongly!
[20:47:02] [Server thread/WARN]: Sutle_World moved wrongly!
[20:47:12] [Server thread/WARN]: Sutle_World moved wrongly!
[20:47:42] [Server thread/WARN]: Sutle_World moved wrongly!
[20:47:43] [Server thread/WARN]: Sutle_World moved wrongly!
[20:47:47] [Server thread/WARN]: Sutle_World moved wrongly!
[20:47:47] [Server thread/WARN]: Sutle_World moved wrongly!
[20:47:49] [Server thread/WARN]: Sutle_World moved wrongly!
[20:48:08] [Server thread/INFO]: Unknown or incomplete command, see below for error
[20:48:08] [Server thread/INFO]: /stop<--[HERE]
[20:48:11] [Server thread/INFO]: Stopping the server
[20:48:11] [Server thread/INFO]: Stopping server
[20:48:11] [Server thread/INFO]: Saving players
[20:48:11] [Server thread/INFO]: Sutle_World lost connection: Server closed
[20:48:11] [Server thread/INFO]: Sutle_World left the game
[20:48:11] [Server thread/INFO]: Saving worlds
[20:48:12] [Server thread/INFO]: Saving chunks for level 'ServerLevel[world]'/minecraft:overworld
[20:48:14] [Server thread/INFO]: Saving chunks for level 'ServerLevel[world]'/minecraft:the_end
[20:48:14] [Server thread/INFO]: Saving chunks for level 'ServerLevel[world]'/minecraft:the_nether
[20:48:14] [Server thread/INFO]: ThreadedAnvilChunkStorage (world): All chunks are saved
[20:48:14] [Server thread/INFO]: ThreadedAnvilChunkStorage (DIM1): All chunks are saved
[20:48:14] [Server thread/INFO]: ThreadedAnvilChunkStorage (DIM-1): All chunks are saved
[20:48:14] [Server thread/INFO]: ThreadedAnvilChunkStorage: All dimensions are saved
